Using pre-set license

 COMMAND LINE ARGUMENTS:
/Applications/Unity/Hub/Editor/2020.3.3f1/Unity.app/Contents/MacOS/Unity
-adb2
-batchMode
-noUpm
-name
AssetImportWorker0
-projectPath
/Users/nguyendung/Desktop/CITestUnity2020/New Unity Project
-logFile
Logs/AssetImportWorker0.log
-srvPort
50042
Successfully changed project path to: /Users/nguyendung/Desktop/CITestUnity2020/New Unity Project
/Users/nguyendung/Desktop/CITestUnity2020/New Unity Project
Using Asset Import Pipeline V2.
Refreshing native plugins compatible for Editor in 22.29 ms, found 1 plugins.
Preloading 0 native plugins for Editor in 0.00 ms.
Initialize engine version: 2020.3.3f1 (76626098c1c4)
[Subsystems] Discovering subsystems at path /Applications/Unity/Hub/Editor/2020.3.3f1/Unity.app/Contents/Resources/UnitySubsystems
[Subsystems] Discovering subsystems at path /Users/nguyendung/Desktop/CITestUnity2020/New Unity Project/Assets
GfxDevice: creating device client; threaded=0
2022-01-05 23:46:47.918 Unity[2828:36532] (null) preferred device: Apple M1 (high power)
2022-01-05 23:46:47.953 Unity[2828:36532] Metal devices available: 1
2022-01-05 23:46:47.953 Unity[2828:36532] 0: Apple M1 (high power)
2022-01-05 23:46:47.953 Unity[2828:36532] Using device Apple M1 (high power)
Initializing Metal device caps: Apple M1
Initialize mono
Mono path[0] = '/Applications/Unity/Hub/Editor/2020.3.3f1/Unity.app/Contents/Managed'
Mono path[1] = '/Applications/Unity/Hub/Editor/2020.3.3f1/Unity.app/Contents/MonoBleedingEdge/lib/mono/unityjit'
Mono config path = '/Applications/Unity/Hub/Editor/2020.3.3f1/Unity.app/Contents/MonoBleedingEdge/etc'
Using monoOptions --debugger-agent=transport=dt_socket,embedding=1,server=y,suspend=n,address=127.0.0.1:56828
Begin MonoManager ReloadAssembly
Registering precompiled unity dll's ...
Register platform support module: /Applications/Unity/Hub/Editor/2020.3.3f1/Unity.app/Contents/PlaybackEngines/MacStandaloneSupport/UnityEditor.OSXStandalone.Extensions.dll
Registered in 0.001733 seconds.
Native extension for OSXStandalone target not found
Refreshing native plugins compatible for Editor in 24.19 ms, found 1 plugins.
Preloading 0 native plugins for Editor in 0.00 ms.
Invoked RoslynAnalysisRunner static constructor.
RoslynAnalysisRunner will not be running.
RoslynAnalysisRunner has terminated.
Mono: successfully reloaded assembly
- Completed reload, in  3.009 seconds
Platform modules already initialized, skipping
Registering precompiled user dll's ...
Registered in 0.001177 seconds.
Begin MonoManager ReloadAssembly
Native extension for OSXStandalone target not found
Refreshing native plugins compatible for Editor in 0.17 ms, found 1 plugins.
Preloading 0 native plugins for Editor in 0.00 ms.
Invoked RoslynAnalysisRunner static constructor.
RoslynAnalysisRunner will not be running.
RoslynAnalysisRunner has terminated.
Mono: successfully reloaded assembly
- Completed reload, in  1.524 seconds
Platform modules already initialized, skipping
========================================================================
Worker process is ready to serve import requests
Launching external process: /Applications/Unity/Hub/Editor/2020.3.3f1/Unity.app/Contents/Tools/UnityShaderCompiler
Launched and connected shader compiler UnityShaderCompiler after 0.03 seconds
Refreshing native plugins compatible for Editor in 0.19 ms, found 1 plugins.
Preloading 0 native plugins for Editor in 0.00 ms.
Unloading 1115 Unused Serialized files (Serialized files now loaded: 0)
System memory in use before: 148.8 MB.
System memory in use after: 148.9 MB.

Unloading 10 unused Assets to reduce memory usage. Loaded Objects now: 1557.
Total: 1.302250 ms (FindLiveObjects: 0.130416 ms CreateObjectMapping: 0.023375 ms MarkObjects: 1.073000 ms  DeleteObjects: 0.074584 ms)

========================================================================
Received Import Request.
  path: Assets/Scenes
  artifactKey: Guid(a9b8e6409b9ce454081d6db48a238379) Importer(815301076,1909f56bfc062723c751e8b465ee728b)
Start importing Assets/Scenes using Guid(a9b8e6409b9ce454081d6db48a238379) Importer(815301076,1909f56bfc062723c751e8b465ee728b)  -> (artifact id: '8547ca37dfdc111cc06116b35994e9a9') in 0.004256 seconds
  Import took 0.005952 seconds .

========================================================================
Received Import Request.
  Time since last request: 0.000204 seconds.
  path: Assets/Scenes/SampleScene.unity
  artifactKey: Guid(9fc0d4010bbf28b4594072e72b8655ab) Importer(815301076,1909f56bfc062723c751e8b465ee728b)
Start importing Assets/Scenes/SampleScene.unity using Guid(9fc0d4010bbf28b4594072e72b8655ab) Importer(815301076,1909f56bfc062723c751e8b465ee728b)  -> (artifact id: 'f5c2f2c2a1bc51d97acb4e2643276eeb') in 0.010810 seconds
  Import took 0.012258 seconds .

========================================================================
Received Import Request.
  Time since last request: 5.186679 seconds.
  path: Assets/Scenes/main.unity
  artifactKey: Guid(9fc0d4010bbf28b4594072e72b8655ab) Importer(815301076,1909f56bfc062723c751e8b465ee728b)
Start importing Assets/Scenes/main.unity using Guid(9fc0d4010bbf28b4594072e72b8655ab) Importer(815301076,1909f56bfc062723c751e8b465ee728b)  -> (artifact id: '9ad0710a5ce8f5df809b9843acd2775f') in 0.001917 seconds
  Import took 0.004799 seconds .

========================================================================
Received Import Request.
  Time since last request: 27.327862 seconds.
  path: Assets/New Folder
  artifactKey: Guid(45c0cc346b93846f7843f95cd39c0e4d) Importer(815301076,1909f56bfc062723c751e8b465ee728b)
Start importing Assets/New Folder using Guid(45c0cc346b93846f7843f95cd39c0e4d) Importer(815301076,1909f56bfc062723c751e8b465ee728b)  -> (artifact id: '3574f48e0e4f3813d048c9e7fe8e8b78') in 0.001033 seconds
  Import took 0.003065 seconds .

========================================================================
Received Import Request.
  Time since last request: 4.592986 seconds.
  path: Assets/Material
  artifactKey: Guid(45c0cc346b93846f7843f95cd39c0e4d) Importer(815301076,1909f56bfc062723c751e8b465ee728b)
Start importing Assets/Material using Guid(45c0cc346b93846f7843f95cd39c0e4d) Importer(815301076,1909f56bfc062723c751e8b465ee728b)  -> (artifact id: '4a0e1ef4cb3d08b1c0f6e7de2566ff24') in 0.000894 seconds
  Import took 0.003371 seconds .

========================================================================
Received Import Request.
  Time since last request: 8.681030 seconds.
  path: Assets/Material/color.mat
  artifactKey: Guid(6ee4bc513ab17477eba3ea6dcb27c275) Importer(815301076,1909f56bfc062723c751e8b465ee728b)
Start importing Assets/Material/color.mat using Guid(6ee4bc513ab17477eba3ea6dcb27c275) Importer(815301076,1909f56bfc062723c751e8b465ee728b)  -> (artifact id: '9398053562eef482d2b3922140738200') in 0.655499 seconds
  Import took 0.657651 seconds .

========================================================================
Received Import Request.
  Time since last request: 9.333773 seconds.
  path: Assets/Material/color.mat
  artifactKey: Guid(6ee4bc513ab17477eba3ea6dcb27c275) Importer(815301076,1909f56bfc062723c751e8b465ee728b)
Start importing Assets/Material/color.mat using Guid(6ee4bc513ab17477eba3ea6dcb27c275) Importer(815301076,1909f56bfc062723c751e8b465ee728b)  -> (artifact id: '51e88bf0d532ec66016d60824ce9f79e') in 0.012855 seconds
  Import took 0.015093 seconds .

========================================================================
Received Import Request.
  Time since last request: 10.627984 seconds.
  path: Assets/Script
  artifactKey: Guid(1ef80a9aa97174f3988273e32e48f08c) Importer(815301076,1909f56bfc062723c751e8b465ee728b)
Start importing Assets/Script using Guid(1ef80a9aa97174f3988273e32e48f08c) Importer(815301076,1909f56bfc062723c751e8b465ee728b)  -> (artifact id: 'e43487854699cfdca5d5611783ba19a6') in 0.000962 seconds
  Import took 0.002889 seconds .

========================================================================
Received Import Request.
  Time since last request: 7.299840 seconds.
  path: Assets/Script/move.cs
  artifactKey: Guid(9eed0ebc3472c44b38de9b6f28fa542e) Importer(815301076,1909f56bfc062723c751e8b465ee728b)
Start importing Assets/Script/move.cs using Guid(9eed0ebc3472c44b38de9b6f28fa542e) Importer(815301076,1909f56bfc062723c751e8b465ee728b)  -> (artifact id: 'c1aa7feb4c2e2f45022b2c4d39e8e28d') in 0.117945 seconds
  Import took 0.119937 seconds .

========================================================================
Received Prepare
Registering precompiled user dll's ...
Registered in 0.000247 seconds.
Begin MonoManager ReloadAssembly
Native extension for OSXStandalone target not found
Refreshing native plugins compatible for Editor in 0.17 ms, found 1 plugins.
Preloading 0 native plugins for Editor in 0.00 ms.
Invoked RoslynAnalysisRunner static constructor.
RoslynAnalysisRunner will not be running.
RoslynAnalysisRunner has terminated.
Mono: successfully reloaded assembly
- Completed reload, in  1.498 seconds
Platform modules already initialized, skipping
Refreshing native plugins compatible for Editor in 0.10 ms, found 1 plugins.
Preloading 0 native plugins for Editor in 0.00 ms.
Unloading 1111 Unused Serialized files (Serialized files now loaded: 0)
System memory in use before: 161.2 MB.
System memory in use after: 161.3 MB.

Unloading 5 unused Assets to reduce memory usage. Loaded Objects now: 1601.
Total: 1.103125 ms (FindLiveObjects: 0.084625 ms CreateObjectMapping: 0.023333 ms MarkObjects: 0.957583 ms  DeleteObjects: 0.036541 ms)

========================================================================
Received Import Request.
  Time since last request: 73.459583 seconds.
  path: Assets/Script/move.cs
  artifactKey: Guid(9eed0ebc3472c44b38de9b6f28fa542e) Importer(815301076,1909f56bfc062723c751e8b465ee728b)
Start importing Assets/Script/move.cs using Guid(9eed0ebc3472c44b38de9b6f28fa542e) Importer(815301076,1909f56bfc062723c751e8b465ee728b)  -> (artifact id: '5d3b320beb0d41bd2c8764c104f43bf1') in 0.009668 seconds
  Import took 0.011709 seconds .

========================================================================
Received Prepare
Registering precompiled user dll's ...
Registered in 0.000255 seconds.
Begin MonoManager ReloadAssembly
Native extension for OSXStandalone target not found
Refreshing native plugins compatible for Editor in 0.18 ms, found 1 plugins.
Preloading 0 native plugins for Editor in 0.00 ms.
Invoked RoslynAnalysisRunner static constructor.
RoslynAnalysisRunner will not be running.
RoslynAnalysisRunner has terminated.
Mono: successfully reloaded assembly
- Completed reload, in  1.498 seconds
Platform modules already initialized, skipping
Refreshing native plugins compatible for Editor in 0.16 ms, found 1 plugins.
Preloading 0 native plugins for Editor in 0.00 ms.
Unloading 1111 Unused Serialized files (Serialized files now loaded: 0)
System memory in use before: 161.4 MB.
System memory in use after: 161.5 MB.

Unloading 5 unused Assets to reduce memory usage. Loaded Objects now: 1604.
Total: 1.116334 ms (FindLiveObjects: 0.090334 ms CreateObjectMapping: 0.023458 ms MarkObjects: 0.957666 ms  DeleteObjects: 0.044000 ms)

========================================================================
Received Import Request.
  Time since last request: 35.552023 seconds.
  path: Assets/Script/move.cs
  artifactKey: Guid(9eed0ebc3472c44b38de9b6f28fa542e) Importer(815301076,1909f56bfc062723c751e8b465ee728b)
Start importing Assets/Script/move.cs using Guid(9eed0ebc3472c44b38de9b6f28fa542e) Importer(815301076,1909f56bfc062723c751e8b465ee728b)  -> (artifact id: '83cda360a3995fb0631801ef526bc2d4') in 0.005331 seconds
  Import took 0.007361 seconds .

========================================================================
Received Prepare
Registering precompiled user dll's ...
Registered in 0.000248 seconds.
Begin MonoManager ReloadAssembly
Native extension for OSXStandalone target not found
Refreshing native plugins compatible for Editor in 0.17 ms, found 1 plugins.
Preloading 0 native plugins for Editor in 0.00 ms.
Invoked RoslynAnalysisRunner static constructor.
RoslynAnalysisRunner will not be running.
RoslynAnalysisRunner has terminated.
Mono: successfully reloaded assembly
- Completed reload, in  1.530 seconds
Platform modules already initialized, skipping
Refreshing native plugins compatible for Editor in 0.13 ms, found 1 plugins.
Preloading 0 native plugins for Editor in 0.00 ms.
Unloading 1111 Unused Serialized files (Serialized files now loaded: 0)
System memory in use before: 161.6 MB.
System memory in use after: 161.7 MB.

Unloading 5 unused Assets to reduce memory usage. Loaded Objects now: 1607.
Total: 1.108583 ms (FindLiveObjects: 0.083250 ms CreateObjectMapping: 0.023500 ms MarkObjects: 0.959125 ms  DeleteObjects: 0.041708 ms)

